0.00694444 0.2131E-04
0.0138889 0.2156E-04
0.0208333 0.2768E-04
0.0277778 0.2634E-04
0.0347222 0.2131E-04
0.0416667 0.2131E-04
0.0486111 0.1523E-04
0.0555556 0.2042E-04
0.0625 0.2988E-04
0.0694444 0.2746E-04
0.0763889 0.2573E-04
0.0833333 0.2328E-04
0.0902778 0.2335E-04
0.0972222 0.1921E-04
0.104167 0.2354E-04
0.111111 0.2700E-04
0.118056 0.2820E-04
0.125 0.3127E-04
0.131944 0.3629E-04
0.138889 0.2872E-04
0.145833 0.3378E-04
0.152778 0.2198E-04
0.159722 0.1404E-04
0.166667 0.1005E-04
0.173611 0.9434E-05
0.180556 0.7681E-05
0.1875 0.1414E-05
0.194444 0.2000E-05
0.201389 0.3606E-05
0.208333 0.1543E-04
0.215278 0.1315E-04
0.222222 0.1889E-04
0.229167 0.9055E-05
0.236111 0.5745E-05
0.243056 0.5477E-05
0.25 0.5385E-05
0.256944 0.7211E-05
0.263889 0.4000E-05
0.270833 0.1068E-04
0.277778 0.0000E+00
0.284722 0.3000E-05
0.291667 0.1319E-04
0.298611 0.1404E-04
0.305556 0.2010E-04
0.3125 0.2750E-04
0.319444 0.3202E-04
0.326389 0.2598E-04
0.333333 0.2602E-04
0.340278 0.3038E-04
0.347222 0.4701E-04
0.354167 0.3390E-04
0.361111 0.2876E-04
0.368056 0.2802E-04
0.375 0.1952E-04
0.381944 0.1954E-04
0.388889 0.2437E-04
0.395833 0.2439E-04
0.402778 0.1910E-04
0.409722 0.2427E-04
0.416667 0.2396E-04
0.423611 0.2929E-04
0.430556 0.2502E-04
0.4375 0.2707E-04
0.444444 0.2119E-04
0.451389 0.1849E-04
0.458333 0.1676E-04
0.465278 0.2775E-04
0.472222 0.2421E-04
0.479167 0.2156E-04
0.486111 0.2625E-04
0.493056 0.1752E-04
0.5 0.7874E-05
0.506944 0.1005E-04
0.513889 0.2156E-04
0.520833 0.2256E-04
0.527778 0.4243E-05
0.534722 0.1010E-04
0.541667 0.3000E-05
0.548611 0.1414E-05
0.555556 0.6708E-05
0.5625 0.8124E-05
0.569444 0.4243E-05
0.576389 0.2258E-04
0.583333 0.2071E-04
0.590278 0.1539E-04
0.597222 0.9110E-05
0.604167 0.1640E-04
0.611111 0.7071E-05
0.618056 0.1122E-04
0.625 0.1761E-04
0.631944 0.1828E-04
0.638889 0.1145E-04
0.645833 0.1265E-04
0.652778 0.2753E-04
0.659722 0.2680E-04
0.666667 0.3537E-04
0.673611 0.4066E-04
0.680556 0.3519E-04
0.6875 0.3611E-04
0.694444 0.3628E-04
0.701389 0.4455E-04
0.708333 0.4747E-04
0.715278 0.4843E-04
0.722222 0.5128E-04
0.729167 0.5394E-04
0.736111 0.5347E-04
0.743056 0.4919E-04
0.75 0.3895E-04
0.756944 0.3986E-04
0.763889 0.4299E-04
0.770833 0.4036E-04
0.777778 0.4080E-04
0.784722 0.3682E-04
0.791667 0.2064E-04
0.798611 0.1500E-04
0.805556 0.1010E-04
0.8125 0.9434E-05
0.819444 0.1304E-04
0.826389 0.1749E-04
0.833333 0.1208E-04
0.840278 0.1822E-04
0.847222 0.2069E-04
0.854167 0.1881E-04
0.861111 0.2944E-04
0.868056 0.3839E-04
0.875 0.2648E-04
0.881944 0.2352E-04
0.888889 0.2739E-04
0.895833 0.2650E-04
0.902778 0.3270E-04
0.909722 0.2437E-04
0.916667 0.3524E-04
0.923611 0.3718E-04
0.930556 0.3324E-04
0.9375 0.3129E-04
0.944444 0.3183E-04
0.951389 0.3600E-04
0.958333 0.3360E-04
0.965278 0.3636E-04
0.972222 0.3126E-04
0.979167 0.1947E-04
0.986111 0.8602E-05
0.993056 0.1005E-04
1 0.2105E-04
1.00694 0.5916E-05
1.01389 0.6325E-05
1.02083 0.2449E-05
1.02778 0.7211E-05
1.03472 0.4123E-05
1.04167 0.1375E-04
1.04861 0.8307E-05
1.05556 0.1304E-04
1.0625 0.3000E-05
1.06944 0.3000E-05
1.07639 0.5099E-05
1.08333 0.2449E-05
1.09028 0.2236E-05
1.09722 0.4123E-05
1.10417 0.3162E-05
1.11111 0.2236E-05
1.11806 0.1241E-04
1.125 0.2002E-04
1.13194 0.2211E-04
1.13889 0.1407E-04
1.14583 0.5385E-05
1.15278 0.5831E-05
1.15972 0.3317E-05
1.16667 0.2236E-05
1.17361 0.9055E-05
1.18056 0.1281E-04
1.1875 0.6325E-05
1.19444 0.7348E-05
1.20139 0.4472E-05
1.20833 0.5477E-05
1.21528 0.3000E-05
1.22222 0.2449E-05
1.22917 0.3162E-05
1.23611 0.1000E-05
1.24306 0.8307E-05
1.25 0.2236E-05
1.25694 0.7280E-05
1.26389 0.8246E-05
1.27083 0.1849E-04
1.27778 0.8307E-05
1.28472 0.1082E-04
1.29167 0.1170E-04
1.29861 0.1631E-04
1.30556 0.1068E-04
1.3125 0.9110E-05
1.31944 0.1664E-04
1.32639 0.1435E-04
1.33333 0.1319E-04
1.34028 0.1296E-04
1.34722 0.1095E-04
1.35417 0.8602E-05
1.36111 0.2427E-04
1.36806 0.2241E-04
1.375 0.1849E-04
1.38194 0.1715E-04
1.38889 0.3266E-04
1.39583 0.3191E-04
1.40278 0.3844E-04
1.40972 0.4141E-04
1.41667 0.2919E-04
1.42361 0.3102E-04
1.43056 0.1720E-04
1.4375 0.7071E-05
1.44444 0.1000E-05
1.45139 0.1738E-04
1.45833 0.2012E-04
1.46528 0.1838E-04
1.47222 0.9110E-05
1.47917 0.6481E-05
1.48611 0.1732E-05
1.49306 0.6083E-05
1.5 0.3742E-05
1.50694 0.1503E-04
1.51389 0.9434E-05
1.52083 0.5099E-05
1.52778 0.8660E-05
1.53472 0.4583E-05
1.54167 0.7071E-05
1.54861 0.5745E-05
1.55556 0.3000E-05
1.5625 0.1536E-04
1.56944 0.2766E-04
1.57639 0.1746E-04
1.58333 0.2542E-04
1.59028 0.1879E-04
1.59722 0.1428E-04
1.60417 0.1378E-04
1.61111 0.1241E-04
1.61806 0.7141E-05
1.625 0.8124E-05
1.63194 0.1517E-04
1.63889 0.1766E-04
1.64583 0.1338E-04
1.65278 0.1122E-04
1.65972 0.2449E-05
1.66667 0.5099E-05
1.67361 0.1145E-04
1.68056 0.1414E-05
1.6875 0.2828E-05
1.69444 0.3000E-05
1.70139 0.3000E-05
1.70833 0.7810E-05
1.71528 0.2236E-05
1.72222 0.1761E-04
1.72917 0.2293E-04
1.73611 0.2768E-04
1.74306 0.2478E-04
1.75 0.2958E-04
1.75694 0.2175E-04
1.76389 0.2638E-04
1.77083 0.2112E-04
1.77778 0.4899E-05
1.78472 0.3606E-05
1.79167 0.8124E-05
1.79861 0.2449E-05
1.80556 0.1049E-04
1.8125 0.1204E-04
1.81944 0.9695E-05
1.82639 0.1356E-04
1.83333 0.1300E-04
1.84028 0.1752E-04
1.84722 0.8124E-05
1.85417 0.2027E-04
1.86111 0.3327E-04
1.86806 0.2943E-04
1.875 0.1913E-04
1.88194 0.2302E-04
1.88889 0.3548E-04
1.89583 0.3689E-04
1.90278 0.4055E-04
1.90972 0.4016E-04
1.91667 0.2555E-04
1.92361 0.3023E-04
1.93056 0.3295E-04
1.9375 0.3063E-04
1.94444 0.2218E-04
1.95139 0.2520E-04
1.95833 0.3489E-04
1.96528 0.3514E-04
1.97222 0.3946E-04
1.97917 0.4011E-04
1.98611 0.2865E-04
1.99306 0.3271E-04
2 0.2818E-04
2.00694 0.1345E-04
2.01389 0.1253E-04
2.02083 0.2642E-04
2.02778 0.2032E-04
2.03472 0.1253E-04
2.04167 0.1860E-04
2.04861 0.2709E-04
2.05556 0.3550E-04
2.0625 0.4220E-04
2.06944 0.4642E-04
2.07639 0.4607E-04
2.08333 0.4378E-04
2.09028 0.4925E-04
2.09722 0.4323E-04
2.10417 0.5065E-04
2.11111 0.5686E-04
2.11806 0.5139E-04
2.125 0.5591E-04
2.13194 0.6577E-04
2.13889 0.6554E-04
2.14583 0.6957E-04
2.15278 0.5435E-04
2.15972 0.4844E-04
2.16667 0.4463E-04
2.17361 0.4819E-04
2.18056 0.4394E-04
2.1875 0.3253E-04
2.19444 0.3585E-04
2.20139 0.3455E-04
2.20833 0.2557E-04
2.21528 0.2850E-04
2.22222 0.3770E-04
2.22917 0.2890E-04
2.23611 0.2811E-04
2.24306 0.2638E-04
2.25 0.3121E-04
2.25694 0.3282E-04
2.26389 0.3615E-04
2.27083 0.2326E-04
2.27778 0.1944E-04
2.28472 0.9000E-05
2.29167 0.8367E-05
2.29861 0.4583E-05
2.30556 0.7000E-05
2.3125 0.8000E-05
2.31944 0.9165E-05
2.32639 0.1273E-04
2.33333 0.1982E-04
2.34028 0.1105E-04
2.34722 0.1404E-04
2.35417 0.1010E-04
2.36111 0.7616E-05
2.36806 0.5745E-05
2.375 0.3606E-05
2.38194 0.1414E-05
2.38889 0.8185E-05
2.39583 0.4243E-05
2.40278 0.5745E-05
2.40972 0.5385E-05
2.41667 0.4472E-05
2.42361 0.1030E-04
2.43056 0.1237E-04
2.4375 0.2470E-04
2.44444 0.2069E-04
2.45139 0.2588E-04
2.45833 0.4385E-04
2.46528 0.4755E-04
2.47222 0.4768E-04
2.47917 0.4643E-04
2.48611 0.3397E-04
2.49306 0.1667E-04
2.5 0.1982E-04
2.50694 0.2860E-04
2.51389 0.2709E-04
2.52083 0.2698E-04
2.52778 0.2062E-04
2.53472 0.1849E-04
2.54167 0.1643E-04
2.54861 0.1603E-04
2.55556 0.4472E-05
2.5625 0.3162E-05
2.56944 0.1418E-04
2.57639 0.3280E-04
2.58333 0.3960E-04
2.59028 0.4324E-04
2.59722 0.4532E-04
2.60417 0.5835E-04
2.61111 0.5935E-04
2.61806 0.6454E-04
2.625 0.6007E-04
2.63194 0.6159E-04
2.63889 0.7090E-04
2.64583 0.6848E-04
2.65278 0.8524E-04
2.65972 0.8102E-04
2.66667 0.8350E-04
2.67361 0.8146E-04
2.68056 0.7320E-04
2.6875 0.7643E-04
2.69444 0.6808E-04
2.70139 0.7548E-04
2.70833 0.7089E-04
2.71528 0.7921E-04
2.72222 0.8986E-04
2.72917 0.9414E-04
2.73611 0.9465E-04
2.74306 0.1022E-03
2.75 0.1001E-03
2.75694 0.1138E-03
2.76389 0.1038E-03
2.77083 0.1018E-03
2.77778 0.1066E-03
2.78472 0.1002E-03
2.79167 0.1060E-03
2.79861 0.1010E-03
2.80556 0.1025E-03
2.8125 0.1067E-03
2.81944 0.1094E-03
2.82639 0.1280E-03
2.83333 0.1199E-03
2.84028 0.1146E-03
2.84722 0.1167E-03
2.85417 0.1306E-03
2.86111 0.1270E-03
2.86806 0.1298E-03
2.875 0.1426E-03
2.88194 0.1476E-03
2.88889 0.1494E-03
2.89583 0.1446E-03
2.90278 0.1535E-03
2.90972 0.1676E-03
2.91667 0.1505E-03
2.92361 0.1606E-03
2.93056 0.1585E-03
2.9375 0.1639E-03
2.94444 0.1697E-03
2.95139 0.1654E-03
2.95833 0.1729E-03
2.96528 0.1660E-03
2.97222 0.1657E-03
2.97917 0.1661E-03
2.98611 0.1506E-03
2.99306 0.1600E-03
3 0.1661E-03
3.00694 0.1797E-03
3.01389 0.1849E-03
3.02083 0.1922E-03
3.02778 0.1831E-03
3.03472 0.1731E-03
3.04167 0.1860E-03
3.04861 0.1845E-03
3.05556 0.1839E-03
3.0625 0.1961E-03
3.06944 0.1995E-03
3.07639 0.1888E-03
3.08333 0.1993E-03
3.09028 0.2054E-03
3.09722 0.2036E-03
3.10417 0.2056E-03
3.11111 0.2069E-03
3.11806 0.1941E-03
3.125 0.1988E-03
3.13194 0.1928E-03
3.13889 0.1951E-03
3.14583 0.1897E-03
3.15278 0.1940E-03
3.15972 0.1854E-03
3.16667 0.1837E-03
3.17361 0.1896E-03
3.18056 0.1881E-03
3.1875 0.1820E-03
3.19444 0.1977E-03
3.20139 0.1933E-03
3.20833 0.1856E-03
3.21528 0.1754E-03
3.22222 0.1682E-03
3.22917 0.1855E-03
3.23611 0.1845E-03
3.24306 0.1746E-03
3.25 0.1707E-03
3.25694 0.1632E-03
3.26389 0.1627E-03
3.27083 0.1625E-03
3.27778 0.1546E-03
3.28472 0.1576E-03
3.29167 0.1382E-03
3.29861 0.1408E-03
3.30556 0.1404E-03
3.3125 0.1485E-03
3.31944 0.1638E-03
3.32639 0.1777E-03
3.33333 0.1789E-03
3.34028 0.1816E-03
3.34722 0.1763E-03
3.35417 0.1766E-03
3.36111 0.1733E-03
3.36806 0.1696E-03
3.375 0.1624E-03
3.38194 0.1552E-03
3.38889 0.1468E-03
3.39583 0.1452E-03
3.40278 0.1484E-03
3.40972 0.1518E-03
3.41667 0.1489E-03
3.42361 0.1455E-03
3.43056 0.1512E-03
3.4375 0.1595E-03
3.44444 0.1612E-03
3.45139 0.1655E-03
3.45833 0.1765E-03
3.46528 0.1698E-03
3.47222 0.1739E-03
3.47917 0.1786E-03
3.48611 0.1673E-03
3.49306 0.1676E-03
3.5 0.1828E-03
3.50694 0.1801E-03
3.51389 0.1723E-03
3.52083 0.1682E-03
3.52778 0.1690E-03
3.53472 0.1724E-03
3.54167 0.1685E-03
3.54861 0.1718E-03
3.55556 0.1691E-03
3.5625 0.1834E-03
3.56944 0.1785E-03
3.57639 0.1738E-03
3.58333 0.1603E-03
3.59028 0.1603E-03
3.59722 0.1627E-03
3.60417 0.1544E-03
3.61111 0.1361E-03
3.61806 0.1335E-03
3.625 0.1444E-03
3.63194 0.1408E-03
3.63889 0.1240E-03
3.64583 0.1351E-03
3.65278 0.1395E-03
3.65972 0.1249E-03
3.66667 0.1295E-03
3.67361 0.1301E-03
3.68056 0.1387E-03
3.6875 0.1357E-03
3.69444 0.1311E-03
3.70139 0.1236E-03
3.70833 0.1205E-03
3.71528 0.1150E-03
3.72222 0.1164E-03
3.72917 0.1116E-03
3.73611 0.1266E-03
3.74306 0.1136E-03
3.75 0.1043E-03
3.75694 0.1050E-03
3.76389 0.1097E-03
3.77083 0.1194E-03
3.77778 0.1326E-03
3.78472 0.1315E-03
3.79167 0.1330E-03
3.79861 0.1289E-03
3.80556 0.1303E-03
3.8125 0.1292E-03
3.81944 0.1462E-03
3.82639 0.1437E-03
3.83333 0.1417E-03
3.84028 0.1519E-03
3.84722 0.1561E-03
3.85417 0.1591E-03
3.86111 0.1635E-03
3.86806 0.1555E-03
3.875 0.1618E-03
3.88194 0.1579E-03
3.88889 0.1406E-03
3.89583 0.1358E-03
3.90278 0.1364E-03
3.90972 0.1319E-03
3.91667 0.1356E-03
3.92361 0.1363E-03
3.93056 0.1308E-03
3.9375 0.1265E-03
3.94444 0.1303E-03
3.95139 0.1312E-03
3.95833 0.1273E-03
3.96528 0.1269E-03
3.97222 0.1325E-03
3.97917 0.1338E-03
3.98611 0.1121E-03
3.99306 0.1031E-03
4 0.9784E-04
4.00694 0.1042E-03
4.01389 0.1078E-03
4.02083 0.1089E-03
4.02778 0.1031E-03
4.03472 0.8658E-04
4.04167 0.8871E-04
4.04861 0.8479E-04
4.05556 0.9153E-04
4.0625 0.8914E-04
4.06944 0.7624E-04
4.07639 0.7072E-04
4.08333 0.7079E-04
4.09028 0.8004E-04
4.09722 0.8014E-04
4.10417 0.8166E-04
4.11111 0.7775E-04
4.11806 0.8370E-04
4.125 0.8916E-04
4.13194 0.9076E-04
4.13889 0.8965E-04
4.14583 0.1059E-03
4.15278 0.1177E-03
4.15972 0.1218E-03
4.16667 0.1332E-03
4.17361 0.1273E-03
4.18056 0.1171E-03
4.1875 0.9918E-04
4.19444 0.9416E-04
4.20139 0.1009E-03
4.20833 0.1097E-03
4.21528 0.1020E-03
4.22222 0.9380E-04
4.22917 0.9287E-04
4.23611 0.9813E-04
4.24306 0.9391E-04
4.25 0.8927E-04
4.25694 0.9857E-04
4.26389 0.8093E-04
4.27083 0.8021E-04
4.27778 0.7946E-04
4.28472 0.7558E-04
4.29167 0.6544E-04
4.29861 0.7043E-04
4.30556 0.6580E-04
4.3125 0.6923E-04
4.31944 0.6938E-04
4.32639 0.8042E-04
4.33333 0.7720E-04
4.34028 0.7047E-04
4.34722 0.7887E-04
4.35417 0.6906E-04
4.36111 0.5954E-04
4.36806 0.5525E-04
4.375 0.5423E-04
4.38194 0.6467E-04
4.38889 0.6964E-04
4.39583 0.6947E-04
4.40278 0.6713E-04
4.40972 0.7305E-04
4.41667 0.6058E-04
4.42361 0.6143E-04
4.43056 0.7255E-04
4.4375 0.7601E-04
4.44444 0.7064E-04
4.45139 0.7902E-04
4.45833 0.8120E-04
4.46528 0.7269E-04
4.47222 0.6421E-04
4.47917 0.5923E-04
4.48611 0.5258E-04
4.49306 0.4900E-04
4.5 0.4704E-04
4.50694 0.4631E-04
4.51389 0.4747E-04
4.52083 0.5338E-04
4.52778 0.3904E-04
4.53472 0.3540E-04
4.54167 0.3658E-04
4.54861 0.4697E-04
4.55556 0.4496E-04
4.5625 0.3648E-04
4.56944 0.3528E-04
4.57639 0.3100E-04
4.58333 0.3489E-04
4.59028 0.2550E-04
4.59722 0.2573E-04
4.60417 0.3448E-04
4.61111 0.4012E-04
4.61806 0.4889E-04
4.625 0.5172E-04
4.63194 0.4919E-04
4.63889 0.4061E-04
4.64583 0.4193E-04
4.65278 0.3500E-04
4.65972 0.3132E-04
4.66667 0.3636E-04
4.67361 0.4506E-04
4.68056 0.4245E-04
4.6875 0.5271E-04
4.69444 0.7060E-04
4.70139 0.8087E-04
4.70833 0.7009E-04
4.71528 0.6940E-04
4.72222 0.7356E-04
4.72917 0.7060E-04
4.73611 0.6790E-04
4.74306 0.7690E-04
4.75 0.7411E-04
4.75694 0.8734E-04
4.76389 0.9080E-04
4.77083 0.9524E-04
4.77778 0.8703E-04
4.78472 0.7765E-04
4.79167 0.7347E-04
4.79861 0.7770E-04
4.80556 0.7682E-04
4.8125 0.8281E-04
4.81944 0.7997E-04
4.82639 0.7957E-04
4.83333 0.8394E-04
4.84028 0.7930E-04
4.84722 0.7363E-04
4.85417 0.7228E-04
4.86111 0.7519E-04
4.86806 0.7994E-04
4.875 0.6051E-04
4.88194 0.6502E-04
4.88889 0.6773E-04
4.89583 0.7786E-04
4.90278 0.7718E-04
4.90972 0.8221E-04
4.91667 0.7022E-04
4.92361 0.5847E-04
4.93056 0.5517E-04
4.9375 0.6304E-04
4.94444 0.6685E-04
4.95139 0.7564E-04
4.95833 0.7120E-04
4.96528 0.6648E-04
4.97222 0.7360E-04
4.97917 0.5267E-04
4.98611 0.5197E-04
4.99306 0.4332E-04
5 0.4460E-04
5.00694 0.4607E-04
5.01389 0.5903E-04
5.02083 0.5550E-04
5.02778 0.5295E-04
5.03472 0.4901E-04
5.04167 0.4231E-04
5.04861 0.4072E-04
5.05556 0.3564E-04
5.0625 0.3982E-04
5.06944 0.3214E-04
5.07639 0.3300E-04
5.08333 0.3726E-04
5.09028 0.4231E-04
5.09722 0.3813E-04
5.10417 0.3442E-04
5.11111 0.3008E-04
5.11806 0.2032E-04
5.125 0.2142E-04
5.13194 0.8602E-05
5.13889 0.1892E-04
5.14583 0.2112E-04
5.15278 0.1783E-04
5.15972 0.3506E-04
5.16667 0.2659E-04
5.17361 0.2510E-04
5.18056 0.2895E-04
5.1875 0.2548E-04
5.19444 0.2439E-04
5.20139 0.1800E-04
5.20833 0.2328E-04
5.21528 0.2720E-04
5.22222 0.2709E-04
5.22917 0.2287E-04
5.23611 0.3119E-04
5.24306 0.2211E-04
5.25 0.2298E-04
5.25694 0.8307E-05
5.26389 0.1952E-04
5.27083 0.9110E-05
5.27778 0.8307E-05
5.28472 0.7483E-05
5.29167 0.5099E-05
5.29861 0.1200E-04
5.30556 0.1609E-04
5.3125 0.8485E-05
5.31944 0.5196E-05
5.32639 0.1732E-05
5.33333 0.1039E-04
5.34028 0.1360E-04
5.34722 0.1118E-04
5.35417 0.9110E-05
5.36111 0.1414E-05
5.36806 0.1453E-04
5.375 0.1847E-04
5.38194 0.1414E-04
5.38889 0.5099E-05
5.39583 0.8062E-05
5.40278 0.5196E-05
5.40972 0.8602E-05
5.41667 0.2903E-04
5.42361 0.2737E-04
5.43056 0.2634E-04
5.4375 0.3216E-04
5.44444 0.3312E-04
5.45139 0.3855E-04
5.45833 0.3779E-04
5.46528 0.3226E-04
5.47222 0.1868E-04
5.47917 0.1860E-04
5.48611 0.9055E-05
5.49306 0.6164E-05
5.5 0.1105E-04
5.50694 0.1473E-04
5.51389 0.8485E-05
5.52083 0.1082E-04
5.52778 0.1749E-04
5.53472 0.1170E-04
5.54167 0.1594E-04
5.54861 0.2748E-04
5.55556 0.2379E-04
5.5625 0.1221E-04
5.56944 0.9055E-05
5.57639 0.1237E-04
5.58333 0.1296E-04
5.59028 0.1122E-04
5.59722 0.1619E-04
5.60417 0.2064E-04
5.61111 0.2748E-04
5.61806 0.2604E-04
5.625 0.3312E-04
5.63194 0.2478E-04
5.63889 0.2508E-04
5.64583 0.4087E-04
5.65278 0.3324E-04
5.65972 0.4339E-04
5.66667 0.3941E-04
5.67361 0.2902E-04
5.68056 0.1136E-04
5.6875 0.1304E-04
5.69444 0.1082E-04
5.70139 0.7681E-05
5.70833 0.2449E-05
5.71528 0.3162E-05
5.72222 0.7141E-05
5.72917 0.1010E-04
5.73611 0.9950E-05
5.74306 0.8124E-05
5.75 0.1480E-04
5.75694 0.1005E-04
5.76389 0.1414E-04
5.77083 0.1072E-04
5.77778 0.1334E-04
5.78472 0.7681E-05
5.79167 0.7071E-05
5.79861 0.1221E-04
5.80556 0.1105E-04
5.8125 0.2064E-04
5.81944 0.2871E-04
5.82639 0.3230E-04
5.83333 0.4031E-04
5.84028 0.3121E-04
5.84722 0.2809E-04
5.85417 0.2156E-04
5.86111 0.1822E-04
5.86806 0.2236E-04
5.875 0.1118E-04
5.88194 0.5099E-05
5.88889 0.2000E-05
5.89583 0.7550E-05
5.90278 0.1039E-04
5.90972 0.1192E-04
5.91667 0.1463E-04
5.92361 0.7348E-05
5.93056 0.7000E-05
5.9375 0.1049E-04
5.94444 0.1603E-04
5.95139 0.1729E-04
5.95833 0.3816E-04
5.96528 0.4151E-04
5.97222 0.4712E-04
5.97917 0.4707E-04
5.98611 0.4833E-04
5.99306 0.5255E-04
6 0.6202E-04
6.00694 0.6984E-04
6.01389 0.7415E-04
6.02083 0.7819E-04
6.02778 0.7527E-04
6.03472 0.6888E-04
6.04167 0.7685E-04
6.04861 0.8219E-04
6.05556 0.8261E-04
6.0625 0.7576E-04
6.06944 0.7301E-04
6.07639 0.6895E-04
6.08333 0.6225E-04
6.09028 0.8060E-04
6.09722 0.7111E-04
6.10417 0.6936E-04
6.11111 0.8129E-04
6.11806 0.6547E-04
6.125 0.7660E-04
6.13194 0.8437E-04
6.13889 0.9772E-04
6.14583 0.9159E-04
6.15278 0.9324E-04
6.15972 0.8775E-04
6.16667 0.9539E-04
6.17361 0.9561E-04
6.18056 0.7974E-04
6.1875 0.7363E-04
6.19444 0.7586E-04
6.20139 0.7747E-04
6.20833 0.7789E-04
6.21528 0.6503E-04
6.22222 0.6431E-04
6.22917 0.5647E-04
6.23611 0.6522E-04
6.24306 0.7452E-04
6.25 0.6948E-04
6.25694 0.6977E-04
6.26389 0.6981E-04
6.27083 0.7212E-04
6.27778 0.7535E-04
6.28472 0.8730E-04
6.29167 0.7056E-04
6.29861 0.6310E-04
6.30556 0.6698E-04
6.3125 0.6713E-04
6.31944 0.6018E-04
6.32639 0.4585E-04
6.33333 0.4923E-04
6.34028 0.5707E-04
6.34722 0.5584E-04
6.35417 0.5421E-04
6.36111 0.6634E-04
6.36806 0.6049E-04
6.375 0.6316E-04
6.38194 0.6250E-04
6.38889 0.6861E-04
6.39583 0.6036E-04
6.40278 0.5582E-04
6.40972 0.5617E-04
6.41667 0.4775E-04
6.42361 0.5013E-04
6.43056 0.5282E-04
6.4375 0.5161E-04
6.44444 0.3910E-04
6.45139 0.5453E-04
6.45833 0.6153E-04
6.46528 0.6255E-04
6.47222 0.6634E-04
6.47917 0.6344E-04
6.48611 0.6519E-04
6.49306 0.6508E-04
6.5 0.6120E-04
6.50694 0.6128E-04
6.51389 0.5479E-04
6.52083 0.5745E-04
6.52778 0.4634E-04
6.53472 0.3922E-04
6.54167 0.4134E-04
6.54861 0.4877E-04
6.55556 0.4572E-04
6.5625 0.5124E-04
6.56944 0.5370E-04
6.57639 0.5146E-04
6.58333 0.5835E-04
6.59028 0.5479E-04
6.59722 0.6239E-04
6.60417 0.6148E-04
6.61111 0.5360E-04
6.61806 0.5258E-04
6.625 0.3951E-04
6.63194 0.4819E-04
6.63889 0.4474E-04
6.64583 0.4077E-04
6.65278 0.4361E-04
6.65972 0.3145E-04
6.66667 0.3146E-04
6.67361 0.3008E-04
6.68056 0.3941E-04
6.6875 0.2956E-04
6.69444 0.2793E-04
6.70139 0.3064E-04
6.70833 0.4828E-04
6.71528 0.5644E-04
6.72222 0.7151E-04
6.72917 0.7487E-04
6.73611 0.8463E-04
6.74306 0.8274E-04
6.75 0.8303E-04
6.75694 0.6932E-04
6.76389 0.6984E-04
6.77083 0.6561E-04
6.77778 0.6583E-04
6.78472 0.6230E-04
6.79167 0.5678E-04
6.79861 0.6192E-04
6.80556 0.5623E-04
6.8125 0.6096E-04
6.81944 0.6504E-04
6.82639 0.6327E-04
6.83333 0.6044E-04
6.84028 0.5829E-04
6.84722 0.6014E-04
6.85417 0.5972E-04
6.86111 0.5577E-04
6.86806 0.5842E-04
6.875 0.4680E-04
6.88194 0.4746E-04
6.88889 0.4730E-04
6.89583 0.4830E-04
6.90278 0.4317E-04
6.90972 0.4456E-04
6.91667 0.5341E-04
6.92361 0.3514E-04
6.93056 0.3489E-04
6.9375 0.5354E-04
6.94444 0.6152E-04
6.95139 0.7245E-04
6.95833 0.8383E-04
6.96528 0.7662E-04
6.97222 0.8164E-04
6.97917 0.7927E-04
6.98611 0.8393E-04
6.99306 0.8846E-04
7 0.8261E-04
