0.00694444 0.3068E-04
0.0138889 0.4977E-04
0.0208333 0.6316E-04
0.0277778 0.7574E-04
0.0347222 0.1282E-03
0.0416667 0.1861E-03
0.0486111 0.2360E-03
0.0555556 0.2456E-03
0.0625 0.2485E-03
0.0694444 0.2541E-03
0.0763889 0.2591E-03
0.0833333 0.2620E-03
0.0902778 0.2835E-03
0.0972222 0.3309E-03
0.104167 0.3964E-03
0.111111 0.4576E-03
0.118056 0.5016E-03
0.125 0.5209E-03
0.131944 0.5345E-03
0.138889 0.5573E-03
0.145833 0.5529E-03
0.152778 0.5377E-03
0.159722 0.5505E-03
0.166667 0.5938E-03
0.173611 0.6633E-03
0.180556 0.7244E-03
0.1875 0.7618E-03
0.194444 0.7782E-03
0.201389 0.8027E-03
0.208333 0.8102E-03
0.215278 0.7974E-03
0.222222 0.7700E-03
0.229167 0.7767E-03
0.236111 0.8217E-03
0.243056 0.8920E-03
0.25 0.9512E-03
0.256944 0.9894E-03
0.263889 0.1010E-02
0.270833 0.1024E-02
0.277778 0.1053E-02
0.284722 0.1044E-02
0.291667 0.1027E-02
0.298611 0.1011E-02
0.305556 0.1044E-02
0.3125 0.1126E-02
0.319444 0.1194E-02
0.326389 0.1217E-02
0.333333 0.1229E-02
0.340278 0.1266E-02
0.347222 0.1310E-02
0.354167 0.1305E-02
0.361111 0.1282E-02
0.368056 0.1267E-02
0.375 0.1314E-02
0.381944 0.1406E-02
0.388889 0.1488E-02
0.395833 0.1514E-02
0.402778 0.1526E-02
0.409722 0.1576E-02
0.416667 0.1616E-02
0.423611 0.1620E-02
0.430556 0.1588E-02
0.4375 0.1574E-02
0.444444 0.1612E-02
0.451389 0.1703E-02
0.458333 0.1774E-02
0.465278 0.1801E-02
0.472222 0.1810E-02
0.479167 0.1853E-02
0.486111 0.1908E-02
0.493056 0.1914E-02
0.5 0.1868E-02
0.506944 0.1824E-02
0.513889 0.1881E-02
0.520833 0.1987E-02
0.527778 0.2061E-02
0.534722 0.2088E-02
0.541667 0.2080E-02
0.548611 0.2113E-02
0.555556 0.2163E-02
0.5625 0.2170E-02
0.569444 0.2143E-02
0.576389 0.2087E-02
0.583333 0.2126E-02
0.590278 0.2231E-02
0.597222 0.2326E-02
0.604167 0.2352E-02
0.611111 0.2353E-02
0.618056 0.2376E-02
0.625 0.2435E-02
0.631944 0.2461E-02
0.638889 0.2421E-02
0.645833 0.2377E-02
0.652778 0.2398E-02
0.659722 0.2498E-02
0.666667 0.2577E-02
0.673611 0.2606E-02
0.680556 0.2594E-02
0.6875 0.2614E-02
0.694444 0.2676E-02
0.701389 0.2704E-02
0.708333 0.2662E-02
0.715278 0.2598E-02
0.722222 0.2611E-02
0.729167 0.2717E-02
0.736111 0.2820E-02
0.743056 0.2837E-02
0.75 0.2823E-02
0.756944 0.2846E-02
0.763889 0.2913E-02
0.770833 0.2954E-02
0.777778 0.2919E-02
0.784722 0.2839E-02
0.791667 0.2850E-02
0.798611 0.2970E-02
0.805556 0.3087E-02
0.8125 0.3114E-02
0.819444 0.3090E-02
0.826389 0.3097E-02
0.833333 0.3175E-02
0.840278 0.3225E-02
0.847222 0.3194E-02
0.854167 0.3117E-02
0.861111 0.3097E-02
0.868056 0.3202E-02
0.875 0.3327E-02
0.881944 0.3352E-02
0.888889 0.3320E-02
0.895833 0.3330E-02
0.902778 0.3417E-02
0.909722 0.3486E-02
0.916667 0.3449E-02
0.923611 0.3357E-02
0.930556 0.3343E-02
0.9375 0.3443E-02
0.944444 0.3571E-02
0.951389 0.3611E-02
0.958333 0.3572E-02
0.965278 0.3571E-02
0.972222 0.3644E-02
0.979167 0.3723E-02
0.986111 0.3709E-02
0.993056 0.3603E-02
1 0.3561E-02
1.00694 0.3667E-02
1.01389 0.3795E-02
1.02083 0.3840E-02
1.02778 0.3813E-02
1.03472 0.3801E-02
1.04167 0.3883E-02
1.04861 0.3968E-02
1.05556 0.3954E-02
1.0625 0.3846E-02
1.06944 0.3799E-02
1.07639 0.3894E-02
1.08333 0.4032E-02
1.09028 0.4085E-02
1.09722 0.4048E-02
1.10417 0.4030E-02
1.11111 0.4113E-02
1.11806 0.4208E-02
1.125 0.4196E-02
1.13194 0.4087E-02
1.13889 0.4024E-02
1.14583 0.4112E-02
1.15278 0.4268E-02
1.15972 0.4336E-02
1.16667 0.4290E-02
1.17361 0.4261E-02
1.18056 0.4327E-02
1.1875 0.4443E-02
1.19444 0.4443E-02
1.20139 0.4336E-02
1.20833 0.4255E-02
1.21528 0.4330E-02
1.22222 0.4491E-02
1.22917 0.4569E-02
1.23611 0.4526E-02
1.24306 0.4491E-02
1.25 0.4565E-02
1.25694 0.4686E-02
1.26389 0.4697E-02
1.27083 0.4572E-02
1.27778 0.4476E-02
1.28472 0.4537E-02
1.29167 0.4721E-02
1.29861 0.4812E-02
1.30556 0.4780E-02
1.3125 0.4720E-02
1.31944 0.4778E-02
1.32639 0.4905E-02
1.33333 0.4937E-02
1.34028 0.4829E-02
1.34722 0.4714E-02
1.35417 0.4769E-02
1.36111 0.4944E-02
1.36806 0.5063E-02
1.375 0.5023E-02
1.38194 0.4961E-02
1.38889 0.5007E-02
1.39583 0.5151E-02
1.40278 0.5193E-02
1.40972 0.5090E-02
1.41667 0.4956E-02
1.42361 0.4988E-02
1.43056 0.5168E-02
1.4375 0.5299E-02
1.44444 0.5278E-02
1.45139 0.5191E-02
1.45833 0.5228E-02
1.46528 0.5374E-02
1.47222 0.5443E-02
1.47917 0.5349E-02
1.48611 0.5209E-02
1.49306 0.5223E-02
1.5 0.5404E-02
1.50694 0.5541E-02
1.51389 0.5519E-02
1.52083 0.5423E-02
1.52778 0.5453E-02
1.53472 0.5611E-02
1.54167 0.5698E-02
1.54861 0.5614E-02
1.55556 0.5459E-02
1.5625 0.5462E-02
1.56944 0.5640E-02
1.57639 0.5796E-02
1.58333 0.5788E-02
1.59028 0.5700E-02
1.59722 0.5714E-02
1.60417 0.5866E-02
1.61111 0.5971E-02
1.61806 0.5874E-02
1.625 0.5707E-02
1.63194 0.5690E-02
1.63889 0.5873E-02
1.64583 0.6060E-02
1.65278 0.6062E-02
1.65972 0.5955E-02
1.66667 0.5951E-02
1.67361 0.6096E-02
1.68056 0.6242E-02
1.6875 0.6174E-02
1.69444 0.5995E-02
1.70139 0.5941E-02
1.70833 0.6116E-02
1.71528 0.6302E-02
1.72222 0.6306E-02
1.72917 0.6191E-02
1.73611 0.6166E-02
1.74306 0.6319E-02
1.75 0.6465E-02
1.75694 0.6421E-02
1.76389 0.6235E-02
1.77083 0.6173E-02
1.77778 0.6348E-02
1.78472 0.6553E-02
1.79167 0.6569E-02
1.79861 0.6461E-02
1.80556 0.6431E-02
1.8125 0.6577E-02
1.81944 0.6739E-02
1.82639 0.6700E-02
1.83333 0.6504E-02
1.84028 0.6423E-02
1.84722 0.6574E-02
1.85417 0.6794E-02
1.86111 0.6848E-02
1.86806 0.6724E-02
1.875 0.6662E-02
1.88194 0.6799E-02
1.88889 0.6980E-02
1.89583 0.6968E-02
1.90278 0.6771E-02
1.90972 0.6658E-02
1.91667 0.6794E-02
1.92361 0.7024E-02
1.93056 0.7080E-02
1.9375 0.6952E-02
1.94444 0.6873E-02
1.95139 0.7013E-02
1.95833 0.7203E-02
1.96528 0.7202E-02
1.97222 0.7004E-02
1.97917 0.6870E-02
1.98611 0.6987E-02
1.99306 0.7237E-02
2 0.7324E-02
2.00694 0.7203E-02
2.01389 0.7108E-02
2.02083 0.7233E-02
2.02778 0.7442E-02
2.03472 0.7471E-02
2.04167 0.7294E-02
2.04861 0.7138E-02
2.05556 0.7248E-02
2.0625 0.7507E-02
2.06944 0.7618E-02
2.07639 0.7504E-02
2.08333 0.7376E-02
2.09028 0.7481E-02
2.09722 0.7697E-02
2.10417 0.7759E-02
2.11111 0.7568E-02
2.11806 0.7387E-02
2.125 0.7473E-02
2.13194 0.7737E-02
2.13889 0.7872E-02
2.14583 0.7775E-02
2.15278 0.7630E-02
2.15972 0.7717E-02
2.16667 0.7943E-02
2.17361 0.8031E-02
2.18056 0.7856E-02
2.1875 0.7657E-02
2.19444 0.7709E-02
2.20139 0.7970E-02
2.20833 0.8118E-02
2.21528 0.8011E-02
2.22222 0.7871E-02
2.22917 0.7931E-02
2.23611 0.8174E-02
2.24306 0.8276E-02
2.25 0.8118E-02
2.25694 0.7886E-02
2.26389 0.7917E-02
2.27083 0.8172E-02
2.27778 0.8355E-02
2.28472 0.8267E-02
2.29167 0.8093E-02
2.29861 0.8134E-02
2.30556 0.8365E-02
2.3125 0.8493E-02
2.31944 0.8342E-02
2.32639 0.8104E-02
2.33333 0.8100E-02
2.34028 0.8363E-02
2.34722 0.8554E-02
2.35417 0.8480E-02
2.36111 0.8300E-02
2.36806 0.8314E-02
2.375 0.8556E-02
2.38194 0.8714E-02
2.38889 0.8574E-02
2.39583 0.8321E-02
2.40278 0.8304E-02
2.40972 0.8564E-02
2.41667 0.8785E-02
2.42361 0.8735E-02
2.43056 0.8538E-02
2.4375 0.8548E-02
2.44444 0.8777E-02
2.45139 0.8961E-02
2.45833 0.8859E-02
2.46528 0.8594E-02
2.47222 0.8551E-02
2.47917 0.8809E-02
2.48611 0.9049E-02
2.49306 0.9007E-02
2.5 0.8817E-02
2.50694 0.8792E-02
2.51389 0.9032E-02
2.52083 0.9247E-02
2.52778 0.9152E-02
2.53472 0.8880E-02
2.54167 0.8787E-02
2.54861 0.9019E-02
2.55556 0.9283E-02
2.5625 0.9274E-02
2.56944 0.9057E-02
2.57639 0.8982E-02
2.58333 0.9212E-02
2.59028 0.9448E-02
2.59722 0.9388E-02
2.60417 0.9099E-02
2.61111 0.8979E-02
2.61806 0.9213E-02
2.625 0.9505E-02
2.63194 0.9522E-02
2.63889 0.9307E-02
2.64583 0.9226E-02
2.65278 0.9437E-02
2.65972 0.9698E-02
2.66667 0.9665E-02
2.67361 0.9388E-02
2.68056 0.9243E-02
2.6875 0.9449E-02
2.69444 0.9763E-02
2.70139 0.9807E-02
2.70833 0.9602E-02
2.71528 0.9485E-02
2.72222 0.9681E-02
2.72917 0.9960E-02
2.73611 0.9961E-02
2.74306 0.9678E-02
2.75 0.9502E-02
2.75694 0.9678E-02
2.76389 0.9993E-02
2.77083 0.1007E-01
2.77778 0.9864E-02
2.78472 0.9735E-02
2.79167 0.9922E-02
2.79861 0.1021E-01
2.80556 0.1024E-01
2.8125 0.9966E-02
2.81944 0.9746E-02
2.82639 0.9894E-02
2.83333 0.1023E-01
2.84028 0.1033E-01
2.84722 0.1013E-01
2.85417 0.9958E-02
2.86111 0.1012E-01
2.86806 0.1042E-01
2.875 0.1048E-01
2.88194 0.1021E-01
2.88889 0.9957E-02
2.89583 0.1008E-01
2.90278 0.1042E-01
2.90972 0.1055E-01
2.91667 0.1038E-01
2.92361 0.1019E-01
2.93056 0.1032E-01
2.9375 0.1065E-01
2.94444 0.1075E-01
2.95139 0.1049E-01
2.95833 0.1022E-01
2.96528 0.1031E-01
2.97222 0.1066E-01
2.97917 0.1083E-01
2.98611 0.1067E-01
2.99306 0.1045E-01
3 0.1055E-01
3.00694 0.1088E-01
3.01389 0.1100E-01
3.02083 0.1076E-01
3.02778 0.1048E-01
3.03472 0.1054E-01
3.04167 0.1089E-01
3.04861 0.1109E-01
3.05556 0.1094E-01
3.0625 0.1070E-01
3.06944 0.1079E-01
3.07639 0.1113E-01
3.08333 0.1130E-01
3.09028 0.1107E-01
3.09722 0.1076E-01
3.10417 0.1077E-01
3.11111 0.1112E-01
3.11806 0.1136E-01
3.125 0.1122E-01
3.13194 0.1096E-01
3.13889 0.1100E-01
3.14583 0.1133E-01
3.15278 0.1153E-01
3.15972 0.1134E-01
3.16667 0.1100E-01
3.17361 0.1097E-01
3.18056 0.1131E-01
3.1875 0.1158E-01
3.19444 0.1146E-01
3.20139 0.1119E-01
3.20833 0.1120E-01
3.21528 0.1153E-01
3.22222 0.1177E-01
3.22917 0.1159E-01
3.23611 0.1123E-01
3.24306 0.1118E-01
3.25 0.1152E-01
3.25694 0.1181E-01
3.26389 0.1174E-01
3.27083 0.1145E-01
3.27778 0.1142E-01
3.28472 0.1174E-01
3.29167 0.1203E-01
3.29861 0.1188E-01
3.30556 0.1152E-01
3.3125 0.1142E-01
3.31944 0.1173E-01
3.32639 0.1205E-01
3.33333 0.1199E-01
3.34028 0.1170E-01
3.34722 0.1163E-01
3.35417 0.1193E-01
3.36111 0.1224E-01
3.36806 0.1213E-01
3.375 0.1176E-01
3.38194 0.1162E-01
3.38889 0.1191E-01
3.39583 0.1225E-01
3.40278 0.1224E-01
3.40972 0.1194E-01
3.41667 0.1183E-01
3.42361 0.1212E-01
3.43056 0.1245E-01
3.4375 0.1239E-01
3.44444 0.1202E-01
3.45139 0.1184E-01
3.45833 0.1211E-01
3.46528 0.1248E-01
3.47222 0.1250E-01
3.47917 0.1220E-01
3.48611 0.1206E-01
3.49306 0.1233E-01
3.5 0.1268E-01
3.50694 0.1266E-01
3.51389 0.1229E-01
3.52083 0.1207E-01
3.52778 0.1231E-01
3.53472 0.1270E-01
3.54167 0.1277E-01
3.54861 0.1247E-01
3.55556 0.1229E-01
3.5625 0.1253E-01
3.56944 0.1292E-01
3.57639 0.1294E-01
3.58333 0.1257E-01
3.59028 0.1231E-01
3.59722 0.1251E-01
3.60417 0.1292E-01
3.61111 0.1302E-01
3.61806 0.1273E-01
3.625 0.1252E-01
3.63194 0.1273E-01
3.63889 0.1313E-01
3.64583 0.1319E-01
3.65278 0.1282E-01
3.65972 0.1253E-01
3.66667 0.1270E-01
3.67361 0.1312E-01
3.68056 0.1324E-01
3.6875 0.1298E-01
3.69444 0.1274E-01
3.70139 0.1292E-01
3.70833 0.1334E-01
3.71528 0.1345E-01
3.72222 0.1310E-01
3.72917 0.1277E-01
3.73611 0.1291E-01
3.74306 0.1334E-01
3.75 0.1353E-01
3.75694 0.1328E-01
3.76389 0.1300E-01
3.77083 0.1315E-01
3.77778 0.1355E-01
3.78472 0.1371E-01
3.79167 0.1339E-01
3.79861 0.1303E-01
3.80556 0.1312E-01
3.8125 0.1355E-01
3.81944 0.1377E-01
3.82639 0.1354E-01
3.83333 0.1324E-01
3.84028 0.1336E-01
3.84722 0.1379E-01
3.85417 0.1398E-01
3.86111 0.1371E-01
3.86806 0.1332E-01
3.875 0.1337E-01
3.88194 0.1380E-01
3.88889 0.1407E-01
3.89583 0.1387E-01
3.90278 0.1354E-01
3.90972 0.1361E-01
3.91667 0.1404E-01
3.92361 0.1427E-01
3.93056 0.1401E-01
3.9375 0.1361E-01
3.94444 0.1360E-01
3.95139 0.1403E-01
3.95833 0.1433E-01
3.96528 0.1416E-01
3.97222 0.1381E-01
3.97917 0.1383E-01
3.98611 0.1427E-01
3.99306 0.1456E-01
4 0.1433E-01
4.00694 0.1390E-01
4.01389 0.1384E-01
4.02083 0.1425E-01
4.02778 0.1459E-01
4.03472 0.1447E-01
4.04167 0.1410E-01
4.04861 0.1407E-01
4.05556 0.1449E-01
4.0625 0.1480E-01
4.06944 0.1463E-01
4.07639 0.1419E-01
4.08333 0.1409E-01
4.09028 0.1449E-01
4.09722 0.1486E-01
4.10417 0.1477E-01
4.11111 0.1440E-01
4.11806 0.1433E-01
4.125 0.1472E-01
4.13194 0.1507E-01
4.13889 0.1493E-01
4.14583 0.1447E-01
4.15278 0.1431E-01
4.15972 0.1467E-01
4.16667 0.1506E-01
4.17361 0.1501E-01
4.18056 0.1464E-01
4.1875 0.1455E-01
4.19444 0.1493E-01
4.20139 0.1533E-01
4.20833 0.1523E-01
4.21528 0.1478E-01
4.22222 0.1458E-01
4.22917 0.1493E-01
4.23611 0.1536E-01
4.24306 0.1536E-01
4.25 0.1498E-01
4.25694 0.1480E-01
4.26389 0.1516E-01
4.27083 0.1558E-01
4.27778 0.1554E-01
4.28472 0.1510E-01
4.29167 0.1486E-01
4.29861 0.1517E-01
4.30556 0.1563E-01
4.3125 0.1566E-01
4.31944 0.1529E-01
4.32639 0.1508E-01
4.33333 0.1541E-01
4.34028 0.1586E-01
4.34722 0.1586E-01
4.35417 0.1543E-01
4.36111 0.1513E-01
4.36806 0.1541E-01
4.375 0.1588E-01
4.38194 0.1596E-01
4.38889 0.1559E-01
4.39583 0.1535E-01
4.40278 0.1564E-01
4.40972 0.1610E-01
4.41667 0.1614E-01
4.42361 0.1571E-01
4.43056 0.1537E-01
4.4375 0.1560E-01
4.44444 0.1609E-01
4.45139 0.1622E-01
4.45833 0.1588E-01
4.46528 0.1561E-01
4.47222 0.1586E-01
4.47917 0.1635E-01
4.48611 0.1645E-01
4.49306 0.1605E-01
4.5 0.1568E-01
4.50694 0.1587E-01
4.51389 0.1636E-01
4.52083 0.1652E-01
4.52778 0.1621E-01
4.53472 0.1589E-01
4.54167 0.1609E-01
4.54861 0.1658E-01
4.55556 0.1674E-01
4.5625 0.1637E-01
4.56944 0.1597E-01
4.57639 0.1611E-01
4.58333 0.1660E-01
4.59028 0.1683E-01
4.59722 0.1655E-01
4.60417 0.1619E-01
4.61111 0.1636E-01
4.61806 0.1685E-01
4.625 0.1706E-01
4.63194 0.1672E-01
4.63889 0.1627E-01
4.64583 0.1636E-01
4.65278 0.1686E-01
4.65972 0.1713E-01
4.66667 0.1687E-01
4.67361 0.1648E-01
4.68056 0.1659E-01
4.6875 0.1710E-01
4.69444 0.1736E-01
4.70139 0.1705E-01
4.70833 0.1660E-01
4.71528 0.1662E-01
4.72222 0.1711E-01
4.72917 0.1743E-01
4.73611 0.1721E-01
4.74306 0.1681E-01
4.75 0.1686E-01
4.75694 0.1737E-01
4.76389 0.1767E-01
4.77083 0.1739E-01
4.77778 0.1691E-01
4.78472 0.1688E-01
4.79167 0.1736E-01
4.79861 0.1772E-01
4.80556 0.1754E-01
4.8125 0.1713E-01
4.81944 0.1712E-01
4.82639 0.1762E-01
4.83333 0.1798E-01
4.84028 0.1776E-01
4.84722 0.1726E-01
4.85417 0.1717E-01
4.86111 0.1764E-01
4.86806 0.1804E-01
4.875 0.1789E-01
4.88194 0.1746E-01
4.88889 0.1741E-01
4.89583 0.1787E-01
4.90278 0.1827E-01
4.90972 0.1809E-01
4.91667 0.1758E-01
4.92361 0.1744E-01
4.93056 0.1788E-01
4.9375 0.1831E-01
4.94444 0.1821E-01
4.95139 0.1777E-01
4.95833 0.1766E-01
4.96528 0.1811E-01
4.97222 0.1855E-01
4.97917 0.1843E-01
4.98611 0.1791E-01
4.99306 0.1773E-01
5 0.1813E-01
5.00694 0.1860E-01
5.01389 0.1855E-01
5.02083 0.1811E-01
5.02778 0.1795E-01
5.03472 0.1838E-01
5.04167 0.1885E-01
5.04861 0.1878E-01
5.05556 0.1828E-01
5.0625 0.1802E-01
5.06944 0.1839E-01
5.07639 0.1888E-01
5.08333 0.1888E-01
5.09028 0.1845E-01
5.09722 0.1825E-01
5.10417 0.1863E-01
5.11111 0.1914E-01
5.11806 0.1912E-01
5.125 0.1862E-01
5.13194 0.1833E-01
5.13889 0.1866E-01
5.14583 0.1918E-01
5.15278 0.1923E-01
5.15972 0.1881E-01
5.16667 0.1856E-01
5.17361 0.1890E-01
5.18056 0.1943E-01
5.1875 0.1946E-01
5.19444 0.1898E-01
5.20139 0.1862E-01
5.20833 0.1890E-01
5.21528 0.1945E-01
5.22222 0.1955E-01
5.22917 0.1914E-01
5.23611 0.1886E-01
5.24306 0.1915E-01
5.25 0.1970E-01
5.25694 0.1980E-01
5.26389 0.1934E-01
5.27083 0.1893E-01
5.27778 0.1915E-01
5.28472 0.1970E-01
5.29167 0.1987E-01
5.29861 0.1949E-01
5.30556 0.1914E-01
5.3125 0.1939E-01
5.31944 0.1994E-01
5.32639 0.2010E-01
5.33333 0.1965E-01
5.34028 0.1921E-01
5.34722 0.1940E-01
5.35417 0.1996E-01
5.36111 0.2018E-01
5.36806 0.1982E-01
5.375 0.1943E-01
5.38194 0.1963E-01
5.38889 0.2022E-01
5.39583 0.2045E-01
5.40278 0.2006E-01
5.40972 0.1958E-01
5.41667 0.1969E-01
5.42361 0.2024E-01
5.43056 0.2050E-01
5.4375 0.2018E-01
5.44444 0.1976E-01
5.45139 0.1991E-01
5.45833 0.2049E-01
5.46528 0.2077E-01
5.47222 0.2042E-01
5.47917 0.1992E-01
5.48611 0.1998E-01
5.49306 0.2053E-01
5.5 0.2083E-01
5.50694 0.2055E-01
5.51389 0.2011E-01
5.52083 0.2021E-01
5.52778 0.2078E-01
5.53472 0.2111E-01
5.54167 0.2079E-01
5.54861 0.2027E-01
5.55556 0.2026E-01
5.5625 0.2079E-01
5.56944 0.2116E-01
5.57639 0.2092E-01
5.58333 0.2047E-01
5.59028 0.2051E-01
5.59722 0.2107E-01
5.60417 0.2143E-01
5.61111 0.2116E-01
5.61806 0.2062E-01
5.625 0.2055E-01
5.63194 0.2106E-01
5.63889 0.2147E-01
5.64583 0.2128E-01
5.65278 0.2079E-01
5.65972 0.2077E-01
5.66667 0.2131E-01
5.67361 0.2173E-01
5.68056 0.2150E-01
5.6875 0.2095E-01
5.69444 0.2082E-01
5.70139 0.2131E-01
5.70833 0.2176E-01
5.71528 0.2162E-01
5.72222 0.2114E-01
5.72917 0.2105E-01
5.73611 0.2158E-01
5.74306 0.2205E-01
5.75 0.2188E-01
5.75694 0.2132E-01
5.76389 0.2113E-01
5.77083 0.2158E-01
5.77778 0.2208E-01
5.78472 0.2199E-01
5.79167 0.2150E-01
5.79861 0.2134E-01
5.80556 0.2183E-01
5.8125 0.2235E-01
5.81944 0.2225E-01
5.82639 0.2169E-01
5.83333 0.2144E-01
5.84028 0.2186E-01
5.84722 0.2239E-01
5.85417 0.2234E-01
5.86111 0.2186E-01
5.86806 0.2166E-01
5.875 0.2210E-01
5.88194 0.2265E-01
5.88889 0.2261E-01
5.89583 0.2207E-01
5.90278 0.2175E-01
5.90972 0.2211E-01
5.91667 0.2265E-01
5.92361 0.2268E-01
5.93056 0.2221E-01
5.9375 0.2196E-01
5.94444 0.2236E-01
5.95139 0.2292E-01
5.95833 0.2295E-01
5.96528 0.2240E-01
5.97222 0.2205E-01
5.97917 0.2237E-01
5.98611 0.2294E-01
5.99306 0.2302E-01
6 0.2256E-01
6.00694 0.2227E-01
6.01389 0.2263E-01
6.02083 0.2323E-01
6.02778 0.2330E-01
6.03472 0.2279E-01
6.04167 0.2237E-01
6.04861 0.2267E-01
6.05556 0.2325E-01
6.0625 0.2339E-01
6.06944 0.2296E-01
6.07639 0.2261E-01
6.08333 0.2291E-01
6.09028 0.2354E-01
6.09722 0.2367E-01
6.10417 0.2319E-01
6.11111 0.2274E-01
6.11806 0.2294E-01
6.125 0.2354E-01
6.13194 0.2375E-01
6.13889 0.2335E-01
6.14583 0.2296E-01
6.15278 0.2321E-01
6.15972 0.2383E-01
6.16667 0.2405E-01
6.17361 0.2359E-01
6.18056 0.2309E-01
6.1875 0.2324E-01
6.19444 0.2384E-01
6.20139 0.2409E-01
6.20833 0.2370E-01
6.21528 0.2326E-01
6.22222 0.2346E-01
6.22917 0.2408E-01
6.23611 0.2436E-01
6.24306 0.2395E-01
6.25 0.2342E-01
6.25694 0.2351E-01
6.26389 0.2410E-01
6.27083 0.2440E-01
6.27778 0.2408E-01
6.28472 0.2361E-01
6.29167 0.2373E-01
6.29861 0.2435E-01
6.30556 0.2467E-01
6.3125 0.2430E-01
6.31944 0.2375E-01
6.32639 0.2375E-01
6.33333 0.2433E-01
6.34028 0.2471E-01
6.34722 0.2442E-01
6.35417 0.2394E-01
6.36111 0.2401E-01
6.36806 0.2462E-01
6.375 0.2501E-01
6.38194 0.2469E-01
6.38889 0.2411E-01
6.39583 0.2407E-01
6.40278 0.2461E-01
6.40972 0.2502E-01
6.41667 0.2477E-01
6.42361 0.2427E-01
6.43056 0.2427E-01
6.4375 0.2487E-01
6.44444 0.2530E-01
6.45139 0.2504E-01
6.45833 0.2446E-01
6.46528 0.2436E-01
6.47222 0.2489E-01
6.47917 0.2535E-01
6.48611 0.2516E-01
6.49306 0.2463E-01
6.5 0.2459E-01
6.50694 0.2516E-01
6.51389 0.2564E-01
6.52083 0.2544E-01
6.52778 0.2484E-01
6.53472 0.2466E-01
6.54167 0.2517E-01
6.54861 0.2568E-01
6.55556 0.2555E-01
6.5625 0.2504E-01
6.56944 0.2492E-01
6.57639 0.2546E-01
6.58333 0.2600E-01
6.59028 0.2586E-01
6.59722 0.2527E-01
6.60417 0.2502E-01
6.61111 0.2548E-01
6.61806 0.2603E-01
6.625 0.2595E-01
6.63194 0.2542E-01
6.63889 0.2522E-01
6.64583 0.2573E-01
6.65278 0.2629E-01
6.65972 0.2622E-01
6.66667 0.2562E-01
6.67361 0.2533E-01
6.68056 0.2577E-01
6.6875 0.2633E-01
6.69444 0.2633E-01
6.70139 0.2581E-01
6.70833 0.2557E-01
6.71528 0.2605E-01
6.72222 0.2666E-01
6.72917 0.2666E-01
6.73611 0.2610E-01
6.74306 0.2574E-01
6.75 0.2611E-01
6.75694 0.2669E-01
6.76389 0.2674E-01
6.77083 0.2623E-01
6.77778 0.2594E-01
6.78472 0.2634E-01
6.79167 0.2698E-01
6.79861 0.2706E-01
6.80556 0.2649E-01
6.8125 0.2608E-01
6.81944 0.2640E-01
6.82639 0.2701E-01
6.83333 0.2712E-01
6.84028 0.2664E-01
6.84722 0.2630E-01
6.85417 0.2666E-01
6.86111 0.2731E-01
6.86806 0.2743E-01
6.875 0.2690E-01
6.88194 0.2645E-01
6.88889 0.2671E-01
6.89583 0.2733E-01
6.90278 0.2750E-01
6.90972 0.2705E-01
6.91667 0.2666E-01
6.92361 0.2694E-01
6.93056 0.2761E-01
6.9375 0.2781E-01
6.94444 0.2731E-01
6.95139 0.2682E-01
6.95833 0.2701E-01
6.96528 0.2762E-01
6.97222 0.2786E-01
6.97917 0.2744E-01
6.98611 0.2701E-01
6.99306 0.2725E-01
7 0.2792E-01
